<?xml version="1.0" encoding="UTF-8"?>
<!-- Generated by org.testng.reporters.JUnitReportReporter -->
<testsuite hostname="Kajal" failures="0" tests="1" name="TestRunner.Runner" time="17.206" errors="0" timestamp="2024-01-19T23:02:32 IST" skipped="0">
  <testcase classname="TestRunner.Runner" name="runScenario" time="17.206"/>
  <system-out/>
</testsuite> <!-- TestRunner.Runner -->
